<?xml version="1.0" encoding="UTF-8"?>
<testsuite xmlns:xsi="http://www.w3.org/2001/XMLSchema-instance" xsi:noNamespaceSchemaLocation="https://maven.apache.org/surefire/maven-surefire-plugin/xsd/surefire-test-report-3.0.xsd" version="3.0" name="TestCases.PrestashopTest" time="103.732" tests="10" errors="2" skipped="0" failures="0">
  <properties>
[...]
</properties>
  <testcase name="testAddNewProduct" classname="TestCases.PrestashopTest" time="10.257">
    <error message="Element &lt;button class=&quot;btn btn-default pull-right&quot; name=&quot;submitAddproduct&quot; type=&quot;submit&quot;&gt; is not clickable at point (1225,835) because another element &lt;div class=&quot;panel-footer&quot;&gt; obscures it&#10;Build info: version: &apos;4.20.0&apos;, revision: &apos;866c76ca80&apos;&#10;System info: os.name: &apos;Mac OS X&apos;, os.arch: &apos;aarch64&apos;, os.version: &apos;14.3.1&apos;, java.version: &apos;17.0.10&apos;&#10;Driver info: org.openqa.selenium.firefox.FirefoxDriver&#10;Command: [34b27420-ad67-4255-bdec-c1c675824946, clickElement {id=e30fb78b-f925-4453-adb5-572b8869d35f}]&#10;Capabilities {acceptInsecureCerts: true, browserName: firefox, browserVersion: 126.0.1, moz:accessibilityChecks: false, moz:buildID: 20240526221752, moz:debuggerAddress: 127.0.0.1:16380, moz:geckodriverVersion: 0.34.0, moz:headless: false, moz:platformVersion: 23.3.0, moz:processID: 467, moz:profile: /var/folders/g3/zpqqp32x1_x..., moz:shutdownTimeout: 60000, moz:webdriverClick: true, moz:windowless: false, pageLoadStrategy: normal, platformName: mac, proxy: Proxy(), se:cdp: ws://127.0.0.1:16380/devtoo..., se:cdpVersion: 85.0, setWindowRect: true, strictFileInteractability: false, timeouts: {implicit: 0, pageLoad: 300000, script: 30000}, unhandledPromptBehavior: dismiss and notify, userAgent: Mozilla/5.0 (Macintosh; Int...}&#10;Element: [[FirefoxDriver: firefox on mac (34b27420-ad67-4255-bdec-c1c675824946)] -&gt; name: submitAddproduct]&#10;Session ID: 34b27420-ad67-4255-bdec-c1c675824946" type="org.openqa.selenium.ElementClickInterceptedException"><![CDATA[org.openqa.selenium.ElementClickInterceptedException: 
Element <button class="btn btn-default pull-right" name="submitAddproduct" type="submit"> is not clickable at point (1225,835) because another element <div class="panel-footer"> obscures it
Build info: version: '4.20.0', revision: '866c76ca80'
System info: os.name: 'Mac OS X', os.arch: 'aarch64', os.version: '14.3.1', java.version: '17.0.10'
Driver info: org.openqa.selenium.firefox.FirefoxDriver
Command: [34b27420-ad67-4255-bdec-c1c675824946, clickElement {id=e30fb78b-f925-4453-adb5-572b8869d35f}]
Capabilities {acceptInsecureCerts: true, browserName: firefox, browserVersion: 126.0.1, moz:accessibilityChecks: false, moz:buildID: 20240526221752, moz:debuggerAddress: 127.0.0.1:16380, moz:geckodriverVersion: 0.34.0, moz:headless: false, moz:platformVersion: 23.3.0, moz:processID: 467, moz:profile: /var/folders/g3/zpqqp32x1_x..., moz:shutdownTimeout: 60000, moz:webdriverClick: true, moz:windowless: false, pageLoadStrategy: normal, platformName: mac, proxy: Proxy(), se:cdp: ws://127.0.0.1:16380/devtoo..., se:cdpVersion: 85.0, setWindowRect: true, strictFileInteractability: false, timeouts: {implicit: 0, pageLoad: 300000, script: 30000}, unhandledPromptBehavior: dismiss and notify, userAgent: Mozilla/5.0 (Macintosh; Int...}
Element: [[FirefoxDriver: firefox on mac (34b27420-ad67-4255-bdec-c1c675824946)] -> name: submitAddproduct]
Session ID: 34b27420-ad67-4255-bdec-c1c675824946
	at java.base/jdk.internal.reflect.NativeConstructorAccessorImpl.newInstance0(Native Method)
	at java.base/jdk.internal.reflect.NativeConstructorAccessorImpl.newInstance(NativeConstructorAccessorImpl.java:77)
	at java.base/jdk.internal.reflect.DelegatingConstructorAccessorImpl.newInstance(DelegatingConstructorAccessorImpl.java:45)
	at java.base/java.lang.reflect.Constructor.newInstanceWithCaller(Constructor.java:499)
	at java.base/java.lang.reflect.Constructor.newInstance(Constructor.java:480)
	at org.openqa.selenium.remote.ErrorCodec.decode(ErrorCodec.java:167)
	at org.openqa.selenium.remote.codec.w3c.W3CHttpResponseCodec.decode(W3CHttpResponseCodec.java:138)
	at org.openqa.selenium.remote.codec.w3c.W3CHttpResponseCodec.decode(W3CHttpResponseCodec.java:50)
	at org.openqa.selenium.remote.HttpCommandExecutor.execute(HttpCommandExecutor.java:190)
	at org.openqa.selenium.remote.service.DriverCommandExecutor.invokeExecute(DriverCommandExecutor.java:216)
	at org.openqa.selenium.remote.service.DriverCommandExecutor.execute(DriverCommandExecutor.java:174)
	at org.openqa.selenium.remote.RemoteWebDriver.execute(RemoteWebDriver.java:518)
	at org.openqa.selenium.remote.RemoteWebElement.execute(RemoteWebElement.java:223)
	at org.openqa.selenium.remote.RemoteWebElement.click(RemoteWebElement.java:76)
	at TestCases.PO.Prestashop.BasePagePO.click(BasePagePO.java:34)
	at TestCases.PO.Prestashop.AddNewProductPO.addProduct(AddNewProductPO.java:23)
	at TestCases.PrestashopTest.testAddNewProduct(PrestashopTest.java:29)
	at java.base/jdk.internal.reflect.NativeMethodAccessorImpl.invoke0(Native Method)
	at java.base/jdk.internal.reflect.NativeMethodAccessorImpl.invoke(NativeMethodAccessorImpl.java:77)
	at java.base/jdk.internal.reflect.DelegatingMethodAccessorImpl.invoke(DelegatingMethodAccessorImpl.java:43)
	at java.base/java.lang.reflect.Method.invoke(Method.java:568)
	at org.junit.runners.model.FrameworkMethod$1.runReflectiveCall(FrameworkMethod.java:50)
	at org.junit.internal.runners.model.ReflectiveCallable.run(ReflectiveCallable.java:12)
	at org.junit.runners.model.FrameworkMethod.invokeExplosively(FrameworkMethod.java:47)
	at org.junit.internal.runners.statements.InvokeMethod.evaluate(InvokeMethod.java:17)
	at org.junit.internal.runners.statements.RunBefores.evaluate(RunBefores.java:26)
	at org.junit.internal.runners.statements.RunAfters.evaluate(RunAfters.java:27)
	at org.junit.runners.ParentRunner.runLeaf(ParentRunner.java:325)
	at org.junit.runners.BlockJUnit4ClassRunner.runChild(BlockJUnit4ClassRunner.java:78)
	at org.junit.runners.BlockJUnit4ClassRunner.runChild(BlockJUnit4ClassRunner.java:57)
	at org.junit.runners.ParentRunner$3.run(ParentRunner.java:290)
	at org.junit.runners.ParentRunner$1.schedule(ParentRunner.java:71)
	at org.junit.runners.ParentRunner.runChildren(ParentRunner.java:288)
	at org.junit.runners.ParentRunner.access$000(ParentRunner.java:58)
	at org.junit.runners.ParentRunner$2.evaluate(ParentRunner.java:268)
	at org.junit.internal.runners.statements.RunBefores.evaluate(RunBefores.java:26)
	at org.junit.runners.ParentRunner.run(ParentRunner.java:363)
	at org.apache.maven.surefire.junit4.JUnit4Provider.execute(JUnit4Provider.java:316)
	at org.apache.maven.surefire.junit4.JUnit4Provider.executeWithRerun(JUnit4Provider.java:240)
	at org.apache.maven.surefire.junit4.JUnit4Provider.executeTestSet(JUnit4Provider.java:214)
	at org.apache.maven.surefire.junit4.JUnit4Provider.invoke(JUnit4Provider.java:155)
	at org.apache.maven.surefire.booter.ForkedBooter.runSuitesInProcess(ForkedBooter.java:385)
	at org.apache.maven.surefire.booter.ForkedBooter.execute(ForkedBooter.java:162)
	at org.apache.maven.surefire.booter.ForkedBooter.run(ForkedBooter.java:507)
	at org.apache.maven.surefire.booter.ForkedBooter.main(ForkedBooter.java:495)
]]></error>
  </testcase>
  <testcase name="testAddNewEmptyState" classname="TestCases.PrestashopTest" time="9.994"/>
  <testcase name="testCheckTaxes" classname="TestCases.PrestashopTest" time="7.706"/>
  <testcase name="testAddEmptyproductFeatures" classname="TestCases.PrestashopTest" time="7.853"/>
  <testcase name="testCheckTaxes10percent" classname="TestCases.PrestashopTest" time="7.857"/>
  <testcase name="testAddNewProductWithoutName" classname="TestCases.PrestashopTest" time="8.269"/>
  <testcase name="testAddNewState" classname="TestCases.PrestashopTest" time="9.816"/>
  <testcase name="testAddNewproductAttribute" classname="TestCases.PrestashopTest" time="7.986"/>
  <testcase name="testAddNewproductFeatures" classname="TestCases.PrestashopTest" time="7.407"/>
  <testcase name="testEditProduct" classname="TestCases.PrestashopTest" time="26.549">
    <error message="Unable to locate element: //tr[td[contains(text(), &apos;Blue Jacket3&apos;)]]//a[contains(@class, &apos;edit&apos;)]&#10;For documentation on this error, please visit: https://www.selenium.dev/documentation/webdriver/troubleshooting/errors#no-such-element-exception&#10;Build info: version: &apos;4.20.0&apos;, revision: &apos;866c76ca80&apos;&#10;System info: os.name: &apos;Mac OS X&apos;, os.arch: &apos;aarch64&apos;, os.version: &apos;14.3.1&apos;, java.version: &apos;17.0.10&apos;&#10;Driver info: org.openqa.selenium.firefox.FirefoxDriver&#10;Command: [a97dd2f9-1316-428b-96e4-b7ba17917f39, findElement {value=//tr[td[contains(text(), &apos;Blue Jacket3&apos;)]]//a[contains(@class, &apos;edit&apos;)], using=xpath}]&#10;Capabilities {acceptInsecureCerts: true, browserName: firefox, browserVersion: 126.0.1, moz:accessibilityChecks: false, moz:buildID: 20240526221752, moz:debuggerAddress: 127.0.0.1:43504, moz:geckodriverVersion: 0.34.0, moz:headless: false, moz:platformVersion: 23.3.0, moz:processID: 955, moz:profile: /var/folders/g3/zpqqp32x1_x..., moz:shutdownTimeout: 60000, moz:webdriverClick: true, moz:windowless: false, pageLoadStrategy: normal, platformName: mac, proxy: Proxy(), se:cdp: ws://127.0.0.1:43504/devtoo..., se:cdpVersion: 85.0, setWindowRect: true, strictFileInteractability: false, timeouts: {implicit: 0, pageLoad: 300000, script: 30000}, unhandledPromptBehavior: dismiss and notify, userAgent: Mozilla/5.0 (Macintosh; Int...}&#10;Session ID: a97dd2f9-1316-428b-96e4-b7ba17917f39" type="org.openqa.selenium.NoSuchElementException"><![CDATA[org.openqa.selenium.NoSuchElementException: 
Unable to locate element: //tr[td[contains(text(), 'Blue Jacket3')]]//a[contains(@class, 'edit')]
For documentation on this error, please visit: https://www.selenium.dev/documentation/webdriver/troubleshooting/errors#no-such-element-exception
Build info: version: '4.20.0', revision: '866c76ca80'
System info: os.name: 'Mac OS X', os.arch: 'aarch64', os.version: '14.3.1', java.version: '17.0.10'
Driver info: org.openqa.selenium.firefox.FirefoxDriver
Command: [a97dd2f9-1316-428b-96e4-b7ba17917f39, findElement {value=//tr[td[contains(text(), 'Blue Jacket3')]]//a[contains(@class, 'edit')], using=xpath}]
Capabilities {acceptInsecureCerts: true, browserName: firefox, browserVersion: 126.0.1, moz:accessibilityChecks: false, moz:buildID: 20240526221752, moz:debuggerAddress: 127.0.0.1:43504, moz:geckodriverVersion: 0.34.0, moz:headless: false, moz:platformVersion: 23.3.0, moz:processID: 955, moz:profile: /var/folders/g3/zpqqp32x1_x..., moz:shutdownTimeout: 60000, moz:webdriverClick: true, moz:windowless: false, pageLoadStrategy: normal, platformName: mac, proxy: Proxy(), se:cdp: ws://127.0.0.1:43504/devtoo..., se:cdpVersion: 85.0, setWindowRect: true, strictFileInteractability: false, timeouts: {implicit: 0, pageLoad: 300000, script: 30000}, unhandledPromptBehavior: dismiss and notify, userAgent: Mozilla/5.0 (Macintosh; Int...}
Session ID: a97dd2f9-1316-428b-96e4-b7ba17917f39
	at java.base/jdk.internal.reflect.NativeConstructorAccessorImpl.newInstance0(Native Method)
	at java.base/jdk.internal.reflect.NativeConstructorAccessorImpl.newInstance(NativeConstructorAccessorImpl.java:77)
	at java.base/jdk.internal.reflect.DelegatingConstructorAccessorImpl.newInstance(DelegatingConstructorAccessorImpl.java:45)
	at java.base/java.lang.reflect.Constructor.newInstanceWithCaller(Constructor.java:499)
	at java.base/java.lang.reflect.Constructor.newInstance(Constructor.java:480)
	at org.openqa.selenium.remote.ErrorCodec.decode(ErrorCodec.java:167)
	at org.openqa.selenium.remote.codec.w3c.W3CHttpResponseCodec.decode(W3CHttpResponseCodec.java:138)
	at org.openqa.selenium.remote.codec.w3c.W3CHttpResponseCodec.decode(W3CHttpResponseCodec.java:50)
	at org.openqa.selenium.remote.HttpCommandExecutor.execute(HttpCommandExecutor.java:190)
	at org.openqa.selenium.remote.service.DriverCommandExecutor.invokeExecute(DriverCommandExecutor.java:216)
	at org.openqa.selenium.remote.service.DriverCommandExecutor.execute(DriverCommandExecutor.java:174)
	at org.openqa.selenium.remote.RemoteWebDriver.execute(RemoteWebDriver.java:518)
	at org.openqa.selenium.remote.ElementLocation$ElementFinder$2.findElement(ElementLocation.java:165)
	at org.openqa.selenium.remote.ElementLocation.findElement(ElementLocation.java:59)
	at org.openqa.selenium.remote.RemoteWebDriver.findElement(RemoteWebDriver.java:355)
	at org.openqa.selenium.remote.RemoteWebDriver.findElement(RemoteWebDriver.java:349)
	at TestCases.PO.Prestashop.BasePagePO.find(BasePagePO.java:30)
	at TestCases.PO.Prestashop.ProductsPO.goToEditProduct(ProductsPO.java:21)
	at TestCases.PrestashopTest.testEditProduct(PrestashopTest.java:62)
	at java.base/jdk.internal.reflect.NativeMethodAccessorImpl.invoke0(Native Method)
	at java.base/jdk.internal.reflect.NativeMethodAccessorImpl.invoke(NativeMethodAccessorImpl.java:77)
	at java.base/jdk.internal.reflect.DelegatingMethodAccessorImpl.invoke(DelegatingMethodAccessorImpl.java:43)
	at java.base/java.lang.reflect.Method.invoke(Method.java:568)
	at org.junit.runners.model.FrameworkMethod$1.runReflectiveCall(FrameworkMethod.java:50)
	at org.junit.internal.runners.model.ReflectiveCallable.run(ReflectiveCallable.java:12)
	at org.junit.runners.model.FrameworkMethod.invokeExplosively(FrameworkMethod.java:47)
	at org.junit.internal.runners.statements.InvokeMethod.evaluate(InvokeMethod.java:17)
	at org.junit.internal.runners.statements.RunBefores.evaluate(RunBefores.java:26)
	at org.junit.internal.runners.statements.RunAfters.evaluate(RunAfters.java:27)
	at org.junit.runners.ParentRunner.runLeaf(ParentRunner.java:325)
	at org.junit.runners.BlockJUnit4ClassRunner.runChild(BlockJUnit4ClassRunner.java:78)
	at org.junit.runners.BlockJUnit4ClassRunner.runChild(BlockJUnit4ClassRunner.java:57)
	at org.junit.runners.ParentRunner$3.run(ParentRunner.java:290)
	at org.junit.runners.ParentRunner$1.schedule(ParentRunner.java:71)
	at org.junit.runners.ParentRunner.runChildren(ParentRunner.java:288)
	at org.junit.runners.ParentRunner.access$000(ParentRunner.java:58)
	at org.junit.runners.ParentRunner$2.evaluate(ParentRunner.java:268)
	at org.junit.internal.runners.statements.RunBefores.evaluate(RunBefores.java:26)
	at org.junit.runners.ParentRunner.run(ParentRunner.java:363)
	at org.apache.maven.surefire.junit4.JUnit4Provider.execute(JUnit4Provider.java:316)
	at org.apache.maven.surefire.junit4.JUnit4Provider.executeWithRerun(JUnit4Provider.java:240)
	at org.apache.maven.surefire.junit4.JUnit4Provider.executeTestSet(JUnit4Provider.java:214)
	at org.apache.maven.surefire.junit4.JUnit4Provider.invoke(JUnit4Provider.java:155)
	at org.apache.maven.surefire.booter.ForkedBooter.runSuitesInProcess(ForkedBooter.java:385)
	at org.apache.maven.surefire.booter.ForkedBooter.execute(ForkedBooter.java:162)
	at org.apache.maven.surefire.booter.ForkedBooter.run(ForkedBooter.java:507)
	at org.apache.maven.surefire.booter.ForkedBooter.main(ForkedBooter.java:495)
]]></error>
  </testcase>
</testsuite>